<?xml version="1.0" encoding="UTF-8"?>
<!-- Generated by org.testng.reporters.JUnitReportReporter -->
<testsuite hostname="LQQA004" name="com.blemall.smokeTest.testcases.TestCase_01_Login" tests="1" failures="0" timestamp="9 Mar 2016 08:20:56 GMT" time="43.583" errors="0">
  <testcase name="loginSuccess" time="43.583" classname="com.blemall.smokeTest.testcases.TestCase_01_Login"/>
</testsuite> <!-- com.blemall.smokeTest.testcases.TestCase_01_Login -->
