<?xml version="1.0" encoding="UTF-8"?>
<!-- Generated by org.testng.reporters.JUnitReportReporter -->
<testsuite hostname="LQQA004" name="com.blemall.smokeTest.testcases.TestCase_01_Login" tests="1" failures="0" timestamp="9 Mar 2016 05:46:17 GMT" time="50.098" errors="0">
  <testcase name="loginSuccess" time="50.098" classname="com.blemall.smokeTest.testcases.TestCase_01_Login"/>
</testsuite> <!-- com.blemall.smokeTest.testcases.TestCase_01_Login -->
